[02.19.2024 ~ 16:01:55 | DEBUG]: Starting depersonalization of data...
[02.19.2024 ~ 16:01:55 | INFO]: Trying to open "source.log" file...
[02.19.2024 ~ 16:01:55 | INFO]: Reading from source file...
[02.19.2024 ~ 16:01:55 | INFO]: Source file "source.log" has read in 0 ms
[02.19.2024 ~ 16:01:55 | INFO]: Hashing of personal data...
[02.19.2024 ~ 16:01:55 | INFO]: Depersonalization has done in 14 ms
[02.19.2024 ~ 16:01:55 | INFO]: Trying to open or create "source.log" file in "output_data" folder...
[02.19.2024 ~ 16:01:55 | INFO]: Writing in "source.log" file...
[02.19.2024 ~ 16:01:55 | INFO]: Updated file "source.log" has wrote in 1 ms
[02.19.2024 ~ 16:01:55 | INFO]: Trying to open "source.txt" file...
[02.19.2024 ~ 16:01:55 | INFO]: Reading from source file...
[02.19.2024 ~ 16:01:55 | INFO]: Source file "source.txt" has read in 0 ms
[02.19.2024 ~ 16:01:55 | INFO]: Hashing of personal data...
[02.19.2024 ~ 16:01:55 | INFO]: Depersonalization has done in 8 ms
[02.19.2024 ~ 16:01:55 | INFO]: Trying to open or create "source.txt" file in "output_data" folder...
[02.19.2024 ~ 16:01:55 | INFO]: Writing in "source.txt" file...
[02.19.2024 ~ 16:01:55 | INFO]: Updated file "source.txt" has wrote in 3 ms
[02.19.2024 ~ 16:01:55 | INFO]: Trying to open "source.xml" file...
[02.19.2024 ~ 16:01:55 | INFO]: Reading from source file...
[02.19.2024 ~ 16:01:55 | INFO]: Source file "source.xml" has read in 0 ms
[02.19.2024 ~ 16:01:55 | INFO]: Hashing of personal data...
[02.19.2024 ~ 16:01:55 | INFO]: Depersonalization has done in 10 ms
[02.19.2024 ~ 16:01:55 | INFO]: Trying to open or create "source.xml" file in "output_data" folder...
[02.19.2024 ~ 16:01:55 | INFO]: Writing in "source.xml" file...
[02.19.2024 ~ 16:01:55 | INFO]: Updated file "source.xml" has wrote in 1 ms
[02.19.2024 ~ 16:01:55 | INFO]: Trying to open "source.html" file...
[02.19.2024 ~ 16:01:55 | INFO]: Reading from source file...
[02.19.2024 ~ 16:01:55 | INFO]: Source file "source.html" has read in 0 ms
[02.19.2024 ~ 16:01:55 | INFO]: Hashing of personal data...
[02.19.2024 ~ 16:01:55 | INFO]: Depersonalization has done in 4 ms
[02.19.2024 ~ 16:01:55 | INFO]: Trying to open or create "source.html" file in "output_data" folder...
[02.19.2024 ~ 16:01:55 | INFO]: Writing in "source.html" file...
[02.19.2024 ~ 16:01:55 | INFO]: Updated file "source.html" has wrote in 1 ms
[02.19.2024 ~ 16:01:55 | DEBUG]: The program is completed in 0.04548311233520508 seconds.
[02.19.2024 ~ 16:23:07 | DEBUG]: Starting depersonalization of data...
[02.19.2024 ~ 16:23:07 | INFO]: Trying to open "source.log" file...
[02.19.2024 ~ 16:23:07 | INFO]: Reading from source file...
[02.19.2024 ~ 16:23:07 | INFO]: Source file "source.log" has read in 1 ms
[02.19.2024 ~ 16:23:07 | INFO]: Hashing of personal data...
[02.19.2024 ~ 16:23:07 | INFO]: Depersonalization has done in 10 ms
[02.19.2024 ~ 16:23:07 | INFO]: Trying to open or create "source.log" file in "output_data" folder...
[02.19.2024 ~ 16:23:07 | INFO]: Writing in "source.log" file...
[02.19.2024 ~ 16:23:07 | INFO]: Updated file "source.log" has wrote in 2 ms
[02.19.2024 ~ 16:23:07 | INFO]: Trying to open "source.txt" file...
[02.19.2024 ~ 16:23:07 | INFO]: Reading from source file...
[02.19.2024 ~ 16:23:07 | INFO]: Source file "source.txt" has read in 1 ms
[02.19.2024 ~ 16:23:07 | INFO]: Hashing of personal data...
[02.19.2024 ~ 16:23:07 | INFO]: Depersonalization has done in 8 ms
[02.19.2024 ~ 16:23:07 | INFO]: Trying to open or create "source.txt" file in "output_data" folder...
[02.19.2024 ~ 16:23:07 | INFO]: Writing in "source.txt" file...
[02.19.2024 ~ 16:23:07 | INFO]: Updated file "source.txt" has wrote in 1 ms
[02.19.2024 ~ 16:23:07 | INFO]: Trying to open "source.xml" file...
[02.19.2024 ~ 16:23:07 | INFO]: Reading from source file...
[02.19.2024 ~ 16:23:07 | INFO]: Source file "source.xml" has read in 1 ms
[02.19.2024 ~ 16:23:07 | INFO]: Hashing of personal data...
[02.19.2024 ~ 16:23:07 | INFO]: Depersonalization has done in 9 ms
[02.19.2024 ~ 16:23:07 | INFO]: Trying to open or create "source.xml" file in "output_data" folder...
[02.19.2024 ~ 16:23:07 | INFO]: Writing in "source.xml" file...
[02.19.2024 ~ 16:23:07 | INFO]: Updated file "source.xml" has wrote in 1 ms
[02.19.2024 ~ 16:23:07 | INFO]: Trying to open "source.html" file...
[02.19.2024 ~ 16:23:07 | INFO]: Reading from source file...
[02.19.2024 ~ 16:23:07 | INFO]: Source file "source.html" has read in 1 ms
[02.19.2024 ~ 16:23:07 | INFO]: Hashing of personal data...
[02.19.2024 ~ 16:23:07 | INFO]: Depersonalization has done in 6 ms
[02.19.2024 ~ 16:23:07 | INFO]: Trying to open or create "source.html" file in "output_data" folder...
[02.19.2024 ~ 16:23:07 | INFO]: Writing in "source.html" file...
[02.19.2024 ~ 16:23:07 | INFO]: Updated file "source.html" has wrote in 0 ms
[02.19.2024 ~ 16:23:07 | DEBUG]: The program is completed in 0.04385995864868164 seconds.
[02.19.2024 ~ 16:25:13 | DEBUG]: Starting depersonalization of data...
[02.19.2024 ~ 16:25:13 | INFO]: Trying to open "source.log" file...
[02.19.2024 ~ 16:25:13 | INFO]: Reading from source file...
[02.19.2024 ~ 16:25:13 | INFO]: Source file "source.log" has read in 3 ms
[02.19.2024 ~ 16:25:13 | INFO]: Hashing of personal data...
[02.19.2024 ~ 16:25:13 | INFO]: Depersonalization has done in 8 ms
[02.19.2024 ~ 16:25:13 | INFO]: Trying to open or create "source.log" file in "output_data" folder...
[02.19.2024 ~ 16:25:13 | INFO]: Writing in "source.log" file...
[02.19.2024 ~ 16:25:13 | INFO]: Updated file "source.log" has wrote in 3 ms
[02.19.2024 ~ 16:25:13 | INFO]: Trying to open "source.txt" file...
[02.19.2024 ~ 16:25:13 | INFO]: Reading from source file...
[02.19.2024 ~ 16:25:13 | INFO]: Source file "source.txt" has read in 2 ms
[02.19.2024 ~ 16:25:13 | INFO]: Hashing of personal data...
[02.19.2024 ~ 16:25:13 | INFO]: Depersonalization has done in 5 ms
[02.19.2024 ~ 16:25:13 | INFO]: Trying to open or create "source.txt" file in "output_data" folder...
[02.19.2024 ~ 16:25:13 | INFO]: Writing in "source.txt" file...
[02.19.2024 ~ 16:25:13 | INFO]: Updated file "source.txt" has wrote in 3 ms
[02.19.2024 ~ 16:25:13 | INFO]: Trying to open "source.xml" file...
[02.19.2024 ~ 16:25:13 | INFO]: Reading from source file...
[02.19.2024 ~ 16:25:13 | INFO]: Source file "source.xml" has read in 2 ms
[02.19.2024 ~ 16:25:13 | INFO]: Hashing of personal data...
[02.19.2024 ~ 16:25:13 | INFO]: Depersonalization has done in 4 ms
[02.19.2024 ~ 16:25:13 | INFO]: Trying to open or create "source.xml" file in "output_data" folder...
[02.19.2024 ~ 16:25:13 | INFO]: Writing in "source.xml" file...
[02.19.2024 ~ 16:25:13 | INFO]: Updated file "source.xml" has wrote in 1 ms
[02.19.2024 ~ 16:25:13 | INFO]: Trying to open "source.html" file...
[02.19.2024 ~ 16:25:13 | INFO]: Reading from source file...
[02.19.2024 ~ 16:25:13 | INFO]: Source file "source.html" has read in 1 ms
[02.19.2024 ~ 16:25:13 | INFO]: Hashing of personal data...
[02.19.2024 ~ 16:25:13 | INFO]: Depersonalization has done in 3 ms
[02.19.2024 ~ 16:25:13 | INFO]: Trying to open or create "source.html" file in "output_data" folder...
[02.19.2024 ~ 16:25:13 | INFO]: Writing in "source.html" file...
[02.19.2024 ~ 16:25:13 | INFO]: Updated file "source.html" has wrote in 2 ms
[02.19.2024 ~ 16:25:13 | DEBUG]: The program is completed in 0.038275957107543945 seconds.
[02.19.2024 ~ 16:25:45 | DEBUG]: Starting depersonalization of data...
[02.19.2024 ~ 16:25:45 | INFO]: Trying to open "source.log" file...
[02.19.2024 ~ 16:25:45 | INFO]: Reading from source file...
[02.19.2024 ~ 16:25:45 | INFO]: Source file "source.log" has read in 4 ms
[02.19.2024 ~ 16:25:45 | INFO]: Hashing of personal data...
[02.19.2024 ~ 16:25:45 | INFO]: Depersonalization has done in 6 ms
[02.19.2024 ~ 16:25:45 | INFO]: Trying to open or create "source.log" file in "output_data" folder...
[02.19.2024 ~ 16:25:45 | INFO]: Writing in "source.log" file...
[02.19.2024 ~ 16:25:45 | INFO]: Updated file "source.log" has wrote in 1 ms
[02.19.2024 ~ 16:25:45 | INFO]: Trying to open "source.txt" file...
[02.19.2024 ~ 16:25:45 | INFO]: Reading from source file...
[02.19.2024 ~ 16:25:45 | INFO]: Source file "source.txt" has read in 2 ms
[02.19.2024 ~ 16:25:45 | INFO]: Hashing of personal data...
[02.19.2024 ~ 16:25:45 | INFO]: Depersonalization has done in 7 ms
[02.19.2024 ~ 16:25:45 | INFO]: Trying to open or create "source.txt" file in "output_data" folder...
[02.19.2024 ~ 16:25:45 | INFO]: Writing in "source.txt" file...
[02.19.2024 ~ 16:25:45 | INFO]: Updated file "source.txt" has wrote in 1 ms
[02.19.2024 ~ 16:25:45 | INFO]: Trying to open "source.xml" file...
[02.19.2024 ~ 16:25:45 | INFO]: Reading from source file...
[02.19.2024 ~ 16:25:45 | INFO]: Source file "source.xml" has read in 1 ms
[02.19.2024 ~ 16:25:45 | INFO]: Hashing of personal data...
[02.19.2024 ~ 16:25:45 | INFO]: Depersonalization has done in 5 ms
[02.19.2024 ~ 16:25:45 | INFO]: Trying to open or create "source.xml" file in "output_data" folder...
[02.19.2024 ~ 16:25:45 | INFO]: Writing in "source.xml" file...
[02.19.2024 ~ 16:25:45 | INFO]: Updated file "source.xml" has wrote in 1 ms
[02.19.2024 ~ 16:25:45 | INFO]: Trying to open "source.html" file...
[02.19.2024 ~ 16:25:45 | INFO]: Reading from source file...
[02.19.2024 ~ 16:25:45 | INFO]: Source file "source.html" has read in 1 ms
[02.19.2024 ~ 16:25:45 | INFO]: Hashing of personal data...
[02.19.2024 ~ 16:25:45 | INFO]: Depersonalization has done in 2 ms
[02.19.2024 ~ 16:25:45 | INFO]: Trying to open or create "source.html" file in "output_data" folder...
[02.19.2024 ~ 16:25:45 | INFO]: Writing in "source.html" file...
[02.19.2024 ~ 16:25:45 | INFO]: Updated file "source.html" has wrote in 3 ms
[02.19.2024 ~ 16:25:45 | DEBUG]: The program is completed in 0.03568887710571289 seconds.
[02.19.2024 ~ 16:59:07 | DEBUG]: Starting depersonalization of data...
[02.19.2024 ~ 16:59:07 | INFO]: Trying to open "source.log" file...
[02.19.2024 ~ 16:59:07 | INFO]: Reading from source file...
[02.19.2024 ~ 16:59:07 | INFO]: Source file "source.log" has read in 1 ms
[02.19.2024 ~ 16:59:07 | INFO]: Hashing of personal data...
[02.19.2024 ~ 16:59:07 | INFO]: Depersonalization has done in 8 ms
[02.19.2024 ~ 16:59:07 | INFO]: Trying to open or create "source.log" file in "output_data" folder...
[02.19.2024 ~ 16:59:07 | INFO]: Writing in "source.log" file...
[02.19.2024 ~ 16:59:07 | INFO]: Updated file "source.log" has wrote in 1 ms
[02.19.2024 ~ 16:59:07 | INFO]: Trying to open "source.txt" file...
[02.19.2024 ~ 16:59:07 | INFO]: Reading from source file...
[02.19.2024 ~ 16:59:07 | INFO]: Source file "source.txt" has read in 0 ms
[02.19.2024 ~ 16:59:07 | INFO]: Hashing of personal data...
[02.19.2024 ~ 16:59:07 | INFO]: Depersonalization has done in 5 ms
[02.19.2024 ~ 16:59:07 | INFO]: Trying to open or create "source.txt" file in "output_data" folder...
[02.19.2024 ~ 16:59:07 | INFO]: Writing in "source.txt" file...
[02.19.2024 ~ 16:59:07 | INFO]: Updated file "source.txt" has wrote in 1 ms
[02.19.2024 ~ 16:59:07 | INFO]: Trying to open "source.xml" file...
[02.19.2024 ~ 16:59:07 | INFO]: Reading from source file...
[02.19.2024 ~ 16:59:07 | INFO]: Source file "source.xml" has read in 0 ms
[02.19.2024 ~ 16:59:07 | INFO]: Hashing of personal data...
[02.19.2024 ~ 16:59:07 | INFO]: Depersonalization has done in 6 ms
[02.19.2024 ~ 16:59:07 | INFO]: Trying to open or create "source.xml" file in "output_data" folder...
[02.19.2024 ~ 16:59:07 | INFO]: Writing in "source.xml" file...
[02.19.2024 ~ 16:59:07 | INFO]: Updated file "source.xml" has wrote in 1 ms
[02.19.2024 ~ 16:59:07 | INFO]: Trying to open "source.html" file...
[02.19.2024 ~ 16:59:07 | INFO]: Reading from source file...
[02.19.2024 ~ 16:59:07 | INFO]: Source file "source.html" has read in 0 ms
[02.19.2024 ~ 16:59:07 | INFO]: Hashing of personal data...
[02.19.2024 ~ 16:59:07 | INFO]: Depersonalization has done in 2 ms
[02.19.2024 ~ 16:59:07 | INFO]: Trying to open or create "source.html" file in "output_data" folder...
[02.19.2024 ~ 16:59:07 | INFO]: Writing in "source.html" file...
[02.19.2024 ~ 16:59:07 | INFO]: Updated file "source.html" has wrote in 1 ms
[02.19.2024 ~ 16:59:07 | DEBUG]: The program is completed in 0.028069257736206055 seconds.
